  Utils.cpp
d:\sofia university\избираеми дисциплини\семинар по системно програмиране\buddy-allocator\buddyallocator\buddyallocator\utils.cpp(117): warning C4800: 'int': forcing value to bool 'true' or 'false' (performance warning)
d:\sofia university\избираеми дисциплини\семинар по системно програмиране\buddy-allocator\buddyallocator\buddyallocator\utils.cpp(124): warning C4800: 'int': forcing value to bool 'true' or 'false' (performance warning)
d:\sofia university\избираеми дисциплини\семинар по системно програмиране\buddy-allocator\buddyallocator\buddyallocator\utils.cpp(158): warning C4244: 'return': conversion from 'double' to 'int', possible loss of data
d:\sofia university\избираеми дисциплини\семинар по системно програмиране\buddy-allocator\buddyallocator\buddyallocator\utils.cpp(183): warning C4244: 'return': conversion from 'double' to 'int', possible loss of data
d:\sofia university\избираеми дисциплини\семинар по системно програмиране\buddy-allocator\buddyallocator\buddyallocator\utils.cpp(214): warning C4244: 'return': conversion from 'double' to 'int', possible loss of data
d:\sofia university\избираеми дисциплини\семинар по системно програмиране\buddy-allocator\buddyallocator\buddyallocator\utils.cpp(236): warning C4244: 'return': conversion from 'double' to 'int', possible loss of data
  Main.cpp
d:\sofia university\избираеми дисциплини\семинар по системно програмиране\buddy-allocator\buddyallocator\buddyallocator\utils.cpp(117): warning C4800: 'int': forcing value to bool 'true' or 'false' (performance warning)
d:\sofia university\избираеми дисциплини\семинар по системно програмиране\buddy-allocator\buddyallocator\buddyallocator\utils.cpp(124): warning C4800: 'int': forcing value to bool 'true' or 'false' (performance warning)
d:\sofia university\избираеми дисциплини\семинар по системно програмиране\buddy-allocator\buddyallocator\buddyallocator\utils.cpp(158): warning C4244: 'return': conversion from 'double' to 'int', possible loss of data
d:\sofia university\избираеми дисциплини\семинар по системно програмиране\buddy-allocator\buddyallocator\buddyallocator\utils.cpp(183): warning C4244: 'return': conversion from 'double' to 'int', possible loss of data
d:\sofia university\избираеми дисциплини\семинар по системно програмиране\buddy-allocator\buddyallocator\buddyallocator\utils.cpp(214): warning C4244: 'return': conversion from 'double' to 'int', possible loss of data
d:\sofia university\избираеми дисциплини\семинар по системно програмиране\buddy-allocator\buddyallocator\buddyallocator\utils.cpp(236): warning C4244: 'return': conversion from 'double' to 'int', possible loss of data
  BuddyAllocator.cpp
d:\sofia university\избираеми дисциплини\семинар по системно програмиране\buddy-allocator\buddyallocator\buddyallocator\utils.cpp(117): warning C4800: 'int': forcing value to bool 'true' or 'false' (performance warning)
d:\sofia university\избираеми дисциплини\семинар по системно програмиране\buddy-allocator\buddyallocator\buddyallocator\utils.cpp(124): warning C4800: 'int': forcing value to bool 'true' or 'false' (performance warning)
d:\sofia university\избираеми дисциплини\семинар по системно програмиране\buddy-allocator\buddyallocator\buddyallocator\utils.cpp(158): warning C4244: 'return': conversion from 'double' to 'int', possible loss of data
d:\sofia university\избираеми дисциплини\семинар по системно програмиране\buddy-allocator\buddyallocator\buddyallocator\utils.cpp(183): warning C4244: 'return': conversion from 'double' to 'int', possible loss of data
d:\sofia university\избираеми дисциплини\семинар по системно програмиране\buddy-allocator\buddyallocator\buddyallocator\utils.cpp(214): warning C4244: 'return': conversion from 'double' to 'int', possible loss of data
d:\sofia university\избираеми дисциплини\семинар по системно програмиране\buddy-allocator\buddyallocator\buddyallocator\utils.cpp(236): warning C4244: 'return': conversion from 'double' to 'int', possible loss of data
  Generating Code...
  BuddyAllocator.vcxproj -> D:\Sofia University\Избираеми дисциплини\Семинар по системно програмиране\Buddy-Allocator\BuddyAllocator\Debug\BuddyAllocator.exe
  BuddyAllocator.vcxproj -> D:\Sofia University\Избираеми дисциплини\Семинар по системно програмиране\Buddy-Allocator\BuddyAllocator\Debug\BuddyAllocator.pdb (Full PDB)
